  Entity.cpp
C:\Users\Marcos\Desktop\Universidad\Visualizacion grafica interactiva\MistralEngine-master\MistralEngine\src\Entity.cpp(34,25): warning C4244: 'argumento': conversión de 'double' a 'GLfloat'; posible pérdida de datos
C:\Users\Marcos\Desktop\Universidad\Visualizacion grafica interactiva\MistralEngine-master\MistralEngine\src\Entity.cpp(34,18): warning C4244: 'argumento': conversión de 'double' a 'GLfloat'; posible pérdida de datos
C:\Users\Marcos\Desktop\Universidad\Visualizacion grafica interactiva\MistralEngine-master\MistralEngine\src\Entity.cpp(34,13): warning C4244: 'argumento': conversión de 'double' a 'GLfloat'; posible pérdida de datos
C:\Users\Marcos\Desktop\Universidad\Visualizacion grafica interactiva\MistralEngine-master\MistralEngine\src\Entity.cpp(35,36): warning C4244: 'argumento': conversión de 'double' a 'GLfloat'; posible pérdida de datos
C:\Users\Marcos\Desktop\Universidad\Visualizacion grafica interactiva\MistralEngine-master\MistralEngine\src\Entity.cpp(35,26): warning C4244: 'argumento': conversión de 'double' a 'GLfloat'; posible pérdida de datos
C:\Users\Marcos\Desktop\Universidad\Visualizacion grafica interactiva\MistralEngine-master\MistralEngine\src\Entity.cpp(35,16): warning C4244: 'argumento': conversión de 'double' a 'GLfloat'; posible pérdida de datos
C:\Users\Marcos\Desktop\Universidad\Visualizacion grafica interactiva\MistralEngine-master\MistralEngine\src\Entity.cpp(36,22): warning C4244: 'argumento': conversión de 'double' a 'GLfloat'; posible pérdida de datos
C:\Users\Marcos\Desktop\Universidad\Visualizacion grafica interactiva\MistralEngine-master\MistralEngine\src\Entity.cpp(36,19): warning C4244: 'argumento': conversión de 'double' a 'GLfloat'; posible pérdida de datos
C:\Users\Marcos\Desktop\Universidad\Visualizacion grafica interactiva\MistralEngine-master\MistralEngine\src\Entity.cpp(36,16): warning C4244: 'argumento': conversión de 'double' a 'GLfloat'; posible pérdida de datos
C:\Users\Marcos\Desktop\Universidad\Visualizacion grafica interactiva\MistralEngine-master\MistralEngine\src\Entity.cpp(37,13): warning C4244: 'argumento': conversión de 'double' a 'GLfloat'; posible pérdida de datos
C:\Users\Marcos\Desktop\Universidad\Visualizacion grafica interactiva\MistralEngine-master\MistralEngine\src\Entity.cpp(38,13): warning C4244: 'argumento': conversión de 'double' a 'GLfloat'; posible pérdida de datos
C:\Users\Marcos\Desktop\Universidad\Visualizacion grafica interactiva\MistralEngine-master\MistralEngine\src\Entity.cpp(39,13): warning C4244: 'argumento': conversión de 'double' a 'GLfloat'; posible pérdida de datos
C:\Users\Marcos\Desktop\Universidad\Visualizacion grafica interactiva\MistralEngine-master\MistralEngine\src\Entity.cpp(40,30): warning C4244: 'argumento': conversión de 'double' a 'GLfloat'; posible pérdida de datos
C:\Users\Marcos\Desktop\Universidad\Visualizacion grafica interactiva\MistralEngine-master\MistralEngine\src\Entity.cpp(40,21): warning C4244: 'argumento': conversión de 'double' a 'GLfloat'; posible pérdida de datos
  GameObjects.cpp
C:\Users\Marcos\Desktop\Universidad\Visualizacion grafica interactiva\MistralEngine-master\MistralEngine\src\Entity.cpp(40,12): warning C4244: 'argumento': conversión de 'double' a 'GLfloat'; posible pérdida de datos
C:\Users\Marcos\Desktop\Universidad\Visualizacion grafica interactiva\MistralEngine-master\MistralEngine\src\GameObjects.cpp(72,24): warning C4244: 'argumento': conversión de 'double' a 'GLfloat'; posible pérdida de datos
C:\Users\Marcos\Desktop\Universidad\Visualizacion grafica interactiva\MistralEngine-master\MistralEngine\src\GameObjects.cpp(72,17): warning C4244: 'argumento': conversión de 'double' a 'GLfloat'; posible pérdida de datos
C:\Users\Marcos\Desktop\Universidad\Visualizacion grafica interactiva\MistralEngine-master\MistralEngine\src\GameObjects.cpp(72,12): warning C4244: 'argumento': conversión de 'double' a 'GLfloat'; posible pérdida de datos
C:\Users\Marcos\Desktop\Universidad\Visualizacion grafica interactiva\MistralEngine-master\MistralEngine\src\GameObjects.cpp(73,35): warning C4244: 'argumento': conversión de 'double' a 'GLfloat'; posible pérdida de datos
C:\Users\Marcos\Desktop\Universidad\Visualizacion grafica interactiva\MistralEngine-master\MistralEngine\src\GameObjects.cpp(73,25): warning C4244: 'argumento': conversión de 'double' a 'GLfloat'; posible pérdida de datos
C:\Users\Marcos\Desktop\Universidad\Visualizacion grafica interactiva\MistralEngine-master\MistralEngine\src\GameObjects.cpp(73,15): warning C4244: 'argumento': conversión de 'double' a 'GLfloat'; posible pérdida de datos
C:\Users\Marcos\Desktop\Universidad\Visualizacion grafica interactiva\MistralEngine-master\MistralEngine\src\GameObjects.cpp(74,21): warning C4244: 'argumento': conversión de 'double' a 'GLfloat'; posible pérdida de datos
C:\Users\Marcos\Desktop\Universidad\Visualizacion grafica interactiva\MistralEngine-master\MistralEngine\src\GameObjects.cpp(74,18): warning C4244: 'argumento': conversión de 'double' a 'GLfloat'; posible pérdida de datos
C:\Users\Marcos\Desktop\Universidad\Visualizacion grafica interactiva\MistralEngine-master\MistralEngine\src\GameObjects.cpp(74,15): warning C4244: 'argumento': conversión de 'double' a 'GLfloat'; posible pérdida de datos
C:\Users\Marcos\Desktop\Universidad\Visualizacion grafica interactiva\MistralEngine-master\MistralEngine\src\GameObjects.cpp(75,12): warning C4244: 'argumento': conversión de 'double' a 'GLfloat'; posible pérdida de datos
C:\Users\Marcos\Desktop\Universidad\Visualizacion grafica interactiva\MistralEngine-master\MistralEngine\src\GameObjects.cpp(76,12): warning C4244: 'argumento': conversión de 'double' a 'GLfloat'; posible pérdida de datos
C:\Users\Marcos\Desktop\Universidad\Visualizacion grafica interactiva\MistralEngine-master\MistralEngine\src\GameObjects.cpp(77,12): warning C4244: 'argumento': conversión de 'double' a 'GLfloat'; posible pérdida de datos
C:\Users\Marcos\Desktop\Universidad\Visualizacion grafica interactiva\MistralEngine-master\MistralEngine\src\GameObjects.cpp(78,29): warning C4244: 'argumento': conversión de 'double' a 'GLfloat'; posible pérdida de datos
C:\Users\Marcos\Desktop\Universidad\Visualizacion grafica interactiva\MistralEngine-master\MistralEngine\src\GameObjects.cpp(78,20): warning C4244: 'argumento': conversión de 'double' a 'GLfloat'; posible pérdida de datos
C:\Users\Marcos\Desktop\Universidad\Visualizacion grafica interactiva\MistralEngine-master\MistralEngine\src\GameObjects.cpp(78,11): warning C4244: 'argumento': conversión de 'double' a 'GLfloat'; posible pérdida de datos
C:\Users\Marcos\Desktop\Universidad\Visualizacion grafica interactiva\MistralEngine-master\MistralEngine\src\GameObjects.cpp(92,24): warning C4244: 'argumento': conversión de 'double' a 'GLfloat'; posible pérdida de datos
C:\Users\Marcos\Desktop\Universidad\Visualizacion grafica interactiva\MistralEngine-master\MistralEngine\src\GameObjects.cpp(92,17): warning C4244: 'argumento': conversión de 'double' a 'GLfloat'; posible pérdida de datos
C:\Users\Marcos\Desktop\Universidad\Visualizacion grafica interactiva\MistralEngine-master\MistralEngine\src\GameObjects.cpp(92,12): warning C4244: 'argumento': conversión de 'double' a 'GLfloat'; posible pérdida de datos
C:\Users\Marcos\Desktop\Universidad\Visualizacion grafica interactiva\MistralEngine-master\MistralEngine\src\GameObjects.cpp(93,35): warning C4244: 'argumento': conversión de 'double' a 'GLfloat'; posible pérdida de datos
C:\Users\Marcos\Desktop\Universidad\Visualizacion grafica interactiva\MistralEngine-master\MistralEngine\src\GameObjects.cpp(93,25): warning C4244: 'argumento': conversión de 'double' a 'GLfloat'; posible pérdida de datos
C:\Users\Marcos\Desktop\Universidad\Visualizacion grafica interactiva\MistralEngine-master\MistralEngine\src\GameObjects.cpp(93,15): warning C4244: 'argumento': conversión de 'double' a 'GLfloat'; posible pérdida de datos
C:\Users\Marcos\Desktop\Universidad\Visualizacion grafica interactiva\MistralEngine-master\MistralEngine\src\GameObjects.cpp(94,21): warning C4244: 'argumento': conversión de 'double' a 'GLfloat'; posible pérdida de datos
C:\Users\Marcos\Desktop\Universidad\Visualizacion grafica interactiva\MistralEngine-master\MistralEngine\src\GameObjects.cpp(94,18): warning C4244: 'argumento': conversión de 'double' a 'GLfloat'; posible pérdida de datos
C:\Users\Marcos\Desktop\Universidad\Visualizacion grafica interactiva\MistralEngine-master\MistralEngine\src\GameObjects.cpp(94,15): warning C4244: 'argumento': conversión de 'double' a 'GLfloat'; posible pérdida de datos
C:\Users\Marcos\Desktop\Universidad\Visualizacion grafica interactiva\MistralEngine-master\MistralEngine\src\GameObjects.cpp(95,12): warning C4244: 'argumento': conversión de 'double' a 'GLfloat'; posible pérdida de datos
C:\Users\Marcos\Desktop\Universidad\Visualizacion grafica interactiva\MistralEngine-master\MistralEngine\src\GameObjects.cpp(96,12): warning C4244: 'argumento': conversión de 'double' a 'GLfloat'; posible pérdida de datos
C:\Users\Marcos\Desktop\Universidad\Visualizacion grafica interactiva\MistralEngine-master\MistralEngine\src\GameObjects.cpp(97,12): warning C4244: 'argumento': conversión de 'double' a 'GLfloat'; posible pérdida de datos
C:\Users\Marcos\Desktop\Universidad\Visualizacion grafica interactiva\MistralEngine-master\MistralEngine\src\GameObjects.cpp(98,29): warning C4244: 'argumento': conversión de 'double' a 'GLfloat'; posible pérdida de datos
C:\Users\Marcos\Desktop\Universidad\Visualizacion grafica interactiva\MistralEngine-master\MistralEngine\src\GameObjects.cpp(98,20): warning C4244: 'argumento': conversión de 'double' a 'GLfloat'; posible pérdida de datos
  MistralEngine.cpp
  Scenario.cpp
  Generando código...
C:\Users\Marcos\Desktop\Universidad\Visualizacion grafica interactiva\MistralEngine-master\MistralEngine\src\GameObjects.cpp(98,11): warning C4244: 'argumento': conversión de 'double' a 'GLfloat'; posible pérdida de datos
GameObjects.obj : error LNK2019: símbolo externo __imp_glutWireCube sin resolver al que se hace referencia en la función "public: virtual void __cdecl SpaceShip::Draw(void)" (?Draw@SpaceShip@@UEAAXXZ)
GameObjects.obj : error LNK2019: símbolo externo __imp_glutSolidCube sin resolver al que se hace referencia en la función "public: virtual void __cdecl SpaceShip::Draw(void)" (?Draw@SpaceShip@@UEAAXXZ)
GameObjects.obj : error LNK2019: símbolo externo __imp_glutWireSphere sin resolver al que se hace referencia en la función "public: virtual void __cdecl Planet::Draw(void)" (?Draw@Planet@@UEAAXXZ)
GameObjects.obj : error LNK2019: símbolo externo __imp_glutSolidSphere sin resolver al que se hace referencia en la función "public: virtual void __cdecl Axis::Draw(void)" (?Draw@Axis@@UEAAXXZ)
GameObjects.obj : error LNK2019: símbolo externo __imp_glutSolidCone sin resolver al que se hace referencia en la función "public: virtual void __cdecl Axis::Draw(void)" (?Draw@Axis@@UEAAXXZ)
MistralEngine.obj : error LNK2019: símbolo externo __imp_glutInitWindowPosition sin resolver al que se hace referencia en la función "public: int __cdecl MistralEngine::Run(int,char * * const,class MistralEngine *)" (?Run@MistralEngine@@QEAAHHQEAPEADPEAV1@@Z)
MistralEngine.obj : error LNK2019: símbolo externo __imp_glutInitWindowSize sin resolver al que se hace referencia en la función "public: int __cdecl MistralEngine::Run(int,char * * const,class MistralEngine *)" (?Run@MistralEngine@@QEAAHHQEAPEADPEAV1@@Z)
MistralEngine.obj : error LNK2019: símbolo externo __imp_glutInitDisplayMode sin resolver al que se hace referencia en la función "public: int __cdecl MistralEngine::Run(int,char * * const,class MistralEngine *)" (?Run@MistralEngine@@QEAAHHQEAPEADPEAV1@@Z)
MistralEngine.obj : error LNK2019: símbolo externo __imp_glutMainLoop sin resolver al que se hace referencia en la función "public: int __cdecl MistralEngine::Run(int,char * * const,class MistralEngine *)" (?Run@MistralEngine@@QEAAHHQEAPEADPEAV1@@Z)
MistralEngine.obj : error LNK2019: símbolo externo __imp_glutPostRedisplay sin resolver al que se hace referencia en la función "private: virtual void __cdecl MistralEngine::GeneralUpdate(int)" (?GeneralUpdate@MistralEngine@@EEAAXH@Z)
MistralEngine.obj : error LNK2019: símbolo externo __imp_glutSwapBuffers sin resolver al que se hace referencia en la función "private: virtual void __cdecl MistralEngine::GeneralDraw(void)" (?GeneralDraw@MistralEngine@@EEAAXXZ)
MistralEngine.obj : error LNK2019: símbolo externo __imp_glutTimerFunc sin resolver al que se hace referencia en la función "private: virtual void __cdecl MistralEngine::GeneralUpdate(int)" (?GeneralUpdate@MistralEngine@@EEAAXH@Z)
MistralEngine.obj : error LNK2019: símbolo externo __imp_glutDisplayFunc sin resolver al que se hace referencia en la función "public: int __cdecl MistralEngine::Run(int,char * * const,class MistralEngine *)" (?Run@MistralEngine@@QEAAHHQEAPEADPEAV1@@Z)
MistralEngine.obj : error LNK2019: símbolo externo __imp___glutInitWithExit sin resolver al que se hace referencia en la función glutInit_ATEXIT_HACK
MistralEngine.obj : error LNK2019: símbolo externo __imp___glutCreateWindowWithExit sin resolver al que se hace referencia en la función glutCreateWindow_ATEXIT_HACK
C:\Users\Marcos\Desktop\Universidad\Visualizacion grafica interactiva\MistralEngine-master\Dependancies\GLUT\lib\freeglut.lib : warning LNK4272: el tipo de máquina de biblioteca 'x86' está en conflicto con el tipo de máquina de destino 'x64'
C:\Users\Marcos\Desktop\Universidad\Visualizacion grafica interactiva\MistralEngine-master\bin\x64\Debug\MistralEngine.exe : fatal error LNK1120: 15 externos sin resolver
