c:\users\molin\universidad\vgi\mistralengine\bin\intermediates\x64\debug\vc142.pdb
c:\users\molin\universidad\vgi\mistralengine\bin\intermediates\x64\debug\vc142.idb
c:\users\molin\universidad\vgi\mistralengine\bin\intermediates\x64\debug\application.obj
c:\users\molin\universidad\vgi\mistralengine\bin\intermediates\x64\debug\entity.obj
c:\users\marcos\desktop\universidad\visualizacion grafica interactiva\mistralengine-master\bin\intermediates\x64\debug\vc142.pdb
c:\users\marcos\desktop\universidad\visualizacion grafica interactiva\mistralengine-master\bin\intermediates\x64\debug\vc142.idb
c:\users\marcos\desktop\universidad\visualizacion grafica interactiva\mistralengine-master\bin\intermediates\x64\debug\scenario.obj
c:\users\marcos\desktop\universidad\visualizacion grafica interactiva\mistralengine-master\bin\intermediates\x64\debug\mistralengine.obj
c:\users\marcos\desktop\universidad\visualizacion grafica interactiva\mistralengine-master\bin\intermediates\x64\debug\gameobjects.obj
c:\users\marcos\desktop\universidad\visualizacion grafica interactiva\mistralengine-master\bin\intermediates\x64\debug\entity.obj
c:\users\marcos\desktop\universidad\visualizacion grafica interactiva\mistralengine\bin\intermediates\x64\debug\application.obj
c:\users\marcos\desktop\universidad\visualizacion grafica interactiva\mistralengine\bin\intermediates\x64\debug\entity.obj
c:\users\marcos\desktop\universidad\visualizacion grafica interactiva\mistralengine\bin\intermediates\x64\debug\gameobjects.obj
c:\users\marcos\desktop\universidad\visualizacion grafica interactiva\mistralengine\bin\intermediates\x64\debug\mistralengine.obj
c:\users\marcos\desktop\universidad\visualizacion grafica interactiva\mistralengine\bin\intermediates\x64\debug\scenario.obj
c:\users\marcos\desktop\universidad\visualizacion grafica interactiva\mistralengine\bin\intermediates\x64\debug\vc142.idb
c:\users\marcos\desktop\universidad\visualizacion grafica interactiva\mistralengine\bin\intermediates\x64\debug\vc142.pdb
c:\users\marcos\desktop\universidad\visualizacion grafica interactiva\mistralengine\bin\x64\debug\mistralengine.pdb
c:\users\marcos\desktop\universidad\visualizacion grafica interactiva\mistralengine\bin\intermediates\x64\debug\mistralengine.tlog\cl.command.1.tlog
c:\users\marcos\desktop\universidad\visualizacion grafica interactiva\mistralengine\bin\intermediates\x64\debug\mistralengine.tlog\cl.read.1.tlog
c:\users\marcos\desktop\universidad\visualizacion grafica interactiva\mistralengine\bin\intermediates\x64\debug\mistralengine.tlog\cl.write.1.tlog
c:\users\marcos\desktop\universidad\visualizacion grafica interactiva\mistralengine\bin\intermediates\x64\debug\mistralengine.tlog\link-cvtres.read.1.tlog
c:\users\marcos\desktop\universidad\visualizacion grafica interactiva\mistralengine\bin\intermediates\x64\debug\mistralengine.tlog\link-cvtres.write.1.tlog
c:\users\marcos\desktop\universidad\visualizacion grafica interactiva\mistralengine\bin\intermediates\x64\debug\mistralengine.tlog\link-rc.read.1.tlog
c:\users\marcos\desktop\universidad\visualizacion grafica interactiva\mistralengine\bin\intermediates\x64\debug\mistralengine.tlog\link-rc.write.1.tlog
c:\users\marcos\desktop\universidad\visualizacion grafica interactiva\mistralengine\bin\intermediates\x64\debug\mistralengine.tlog\link.command.1.tlog
c:\users\marcos\desktop\universidad\visualizacion grafica interactiva\mistralengine\bin\intermediates\x64\debug\mistralengine.tlog\link.read.1.tlog
c:\users\marcos\desktop\universidad\visualizacion grafica interactiva\mistralengine\bin\intermediates\x64\debug\mistralengine.tlog\link.write.1.tlog
