c:\users\molin\universidad\vgi\mistralengine\bin\intermediates\win32\debug\vc142.pdb
c:\users\molin\universidad\vgi\mistralengine\bin\intermediates\win32\debug\vc142.idb
c:\users\molin\universidad\vgi\mistralengine\bin\intermediates\win32\debug\scenario.obj
c:\users\molin\universidad\vgi\mistralengine\bin\intermediates\win32\debug\mistralengine.obj
c:\users\molin\universidad\vgi\mistralengine\bin\intermediates\win32\debug\gameobjects.obj
c:\users\molin\universidad\vgi\mistralengine\bin\intermediates\win32\debug\entity.obj
c:\users\molin\universidad\vgi\mistralengine\bin\win32\debug\mistralengine.exe
c:\users\molin\universidad\vgi\mistralengine\bin\win32\debug\mistralengine.ilk
c:\users\molin\universidad\vgi\mistralengine\bin\win32\debug\mistralengine.pdb
c:\users\marcos\desktop\universidad\visualizacion grafica interactiva\mistralengine\bin\intermediates\win32\debug\entity.obj
c:\users\marcos\desktop\universidad\visualizacion grafica interactiva\mistralengine\bin\intermediates\win32\debug\gameobjects.obj
c:\users\marcos\desktop\universidad\visualizacion grafica interactiva\mistralengine\bin\intermediates\win32\debug\mistralengine.obj
c:\users\marcos\desktop\universidad\visualizacion grafica interactiva\mistralengine\bin\intermediates\win32\debug\scenario.obj
c:\users\marcos\desktop\universidad\visualizacion grafica interactiva\mistralengine\bin\intermediates\win32\debug\vc142.idb
c:\users\marcos\desktop\universidad\visualizacion grafica interactiva\mistralengine\bin\intermediates\win32\debug\vc142.pdb
c:\users\marcos\desktop\universidad\visualizacion grafica interactiva\mistralengine\bin\win32\debug\mistralengine.pdb
c:\users\marcos\desktop\universidad\visualizacion grafica interactiva\mistralengine\bin\win32\debug\mistralengine.exe
c:\users\marcos\desktop\universidad\visualizacion grafica interactiva\mistralengine\bin\win32\debug\mistralengine.ilk
c:\users\marcos\desktop\universidad\visualizacion grafica interactiva\mistralengine\bin\intermediates\win32\debug\mistralengine.tlog\cl.command.1.tlog
c:\users\marcos\desktop\universidad\visualizacion grafica interactiva\mistralengine\bin\intermediates\win32\debug\mistralengine.tlog\cl.read.1.tlog
c:\users\marcos\desktop\universidad\visualizacion grafica interactiva\mistralengine\bin\intermediates\win32\debug\mistralengine.tlog\cl.write.1.tlog
c:\users\marcos\desktop\universidad\visualizacion grafica interactiva\mistralengine\bin\intermediates\win32\debug\mistralengine.tlog\link.command.1.tlog
c:\users\marcos\desktop\universidad\visualizacion grafica interactiva\mistralengine\bin\intermediates\win32\debug\mistralengine.tlog\link.read.1.tlog
c:\users\marcos\desktop\universidad\visualizacion grafica interactiva\mistralengine\bin\intermediates\win32\debug\mistralengine.tlog\link.write.1.tlog
