  autofit.c
  ftbase.c
  ftbbox.c
  ftbdf.c
  ftbitmap.c
  ftcid.c
  ftfstype.c
  ftgasp.c
  ftglyph.c
  ftgxval.c
  ftinit.c
  ftmm.c
  ftotval.c
  ftpatent.c
  ftpfr.c
  ftstroke.c
  ftsynth.c
  ftsystem.c
  fttype1.c
  ftwinfnt.c
  bdf.c
  ftcache.c
  cff.c
  type1cid.c
  ftgzip.c
  ftlzw.c
  pcf.c
  pfr.c
  psaux.c
  pshinter.c
  psmodule.c
  raster.c
  sfnt.c
  smooth.c
  truetype.c
  type1.c
  type42.c
  winfnt.c
C:\Users\Marcos\Desktop\Universidad\Visualizacion grafica interactiva\freetype-2.10.1\src\smooth\ftgrays.c(534): warning C4706: asignación en la expresión condicional
C:\Users\Marcos\Desktop\Universidad\Visualizacion grafica interactiva\freetype-2.10.1\src\sfnt\ttcolr.c(127,50): warning C4018: '>': no coinciden signed/unsigned (compilando archivo de origen ..\..\..\src\sfnt\sfnt.c)
C:\Users\Marcos\Desktop\Universidad\Visualizacion grafica interactiva\freetype-2.10.1\src\sfnt\ttcolr.c(136,40): warning C4018: '>': no coinciden signed/unsigned (compilando archivo de origen ..\..\..\src\sfnt\sfnt.c)
C:\Users\Marcos\Desktop\Universidad\Visualizacion grafica interactiva\freetype-2.10.1\src\sfnt\ttcpal.c(121,40): warning C4018: '>': no coinciden signed/unsigned (compilando archivo de origen ..\..\..\src\sfnt\sfnt.c)
C:\Users\Marcos\Desktop\Universidad\Visualizacion grafica interactiva\freetype-2.10.1\src\sfnt\ttcpal.c(153,50): warning C4018: '>': no coinciden signed/unsigned (compilando archivo de origen ..\..\..\src\sfnt\sfnt.c)
C:\Users\Marcos\Desktop\Universidad\Visualizacion grafica interactiva\freetype-2.10.1\src\sfnt\ttcpal.c(174,50): warning C4018: '>': no coinciden signed/unsigned (compilando archivo de origen ..\..\..\src\sfnt\sfnt.c)
C:\Users\Marcos\Desktop\Universidad\Visualizacion grafica interactiva\freetype-2.10.1\src\sfnt\ttcpal.c(195,57): warning C4018: '>': no coinciden signed/unsigned (compilando archivo de origen ..\..\..\src\sfnt\sfnt.c)
C:\Users\Marcos\Desktop\Universidad\Visualizacion grafica interactiva\freetype-2.10.1\src\truetype\ttgxvar.c(2201): warning C4701: posiblemente se utilizó la variable local 'fvar_head' sin inicializar
  ftdebug.c
  freetype.vcxproj -> C:\Users\Marcos\Desktop\Universidad\Visualizacion grafica interactiva\freetype-2.10.1\builds\windows\vc2010\..\..\..\objs\Win32\Debug Static\freetype.lib
